{
  "0 debug pnpm:scope": {
    "selected": 1,
    "workspacePrefix": "/Users/qiansicheng/cosmicccc/cosmic"
  },
  "1 error pnpm": {
    "errno": 1,
    "code": "ELIFECYCLE",
    "pkgid": "@cosmic-module/frame-menu-bar@0.0.1",
    "stage": "build",
    "script": "vite build -c ../vite.config.js",
    "pkgname": "@cosmic-module/frame-menu-bar",
    "err": {
      "name": "pnpm",
      "message": "@cosmic-module/frame-menu-bar@0.0.1 build: `vite build -c ../vite.config.js`\nExit status 1",
      "code": "ELIFECYCLE",
      "stack": "pnpm: @cosmic-module/frame-menu-bar@0.0.1 build: `vite build -c ../vite.config.js`\nExit status 1\n    at EventEmitter.<anonymous> (/usr/local/lib/node_modules/pnpm/dist/pnpm.cjs:103853:20)\n    at EventEmitter.emit (events.js:400:28)\n    at ChildProcess.<anonymous> (/usr/local/lib/node_modules/pnpm/dist/pnpm.cjs:91782:18)\n    at ChildProcess.emit (events.js:400:28)\n    at maybeClose (internal/child_process.js:1055:16)\n    at Process.ChildProcess._handle.onexit (internal/child_process.js:288:5)"
    }
  }
}